This file contains any messages produced by compilers while
running configure, to aid debugging if configure makes a mistake.

It was created by datetime-fortran configure 1.7.1, which was
generated by GNU Autoconf 2.69.  Invocation command line was

  $ ./configure 

## --------- ##
## Platform. ##
## --------- ##

hostname = saverio-VirtualBox
uname -m = x86_64
uname -r = 5.4.0-66-generic
uname -s = Linux
uname -v = #74-Ubuntu SMP Wed Jan 27 22:54:38 UTC 2021

/usr/bin/uname -p = x86_64
/bin/uname -X     = unknown

/bin/arch              = x86_64
/usr/bin/arch -k       = unknown
/usr/convex/getsysinfo = unknown
/usr/bin/hostinfo      = unknown
/bin/machine           = unknown
/usr/bin/oslevel       = unknown
/bin/universe          = unknown

PATH: /home/saverio/.iraf/bin
PATH: /home/saverio/.iraf/bin
PATH: /home/saverio/.local/bin
PATH: /usr/local/sbin
PATH: /usr/local/bin
PATH: /usr/sbin
PATH: /usr/bin
PATH: /sbin
PATH: /bin
PATH: /usr/games
PATH: /usr/local/games
PATH: /snap/bin


## ----------- ##
## Core tests. ##
## ----------- ##

configure:1843: checking for a BSD-compatible install
configure:1911: result: /usr/bin/install -c
configure:1922: checking whether build environment is sane
configure:1977: result: yes
configure:2126: checking for a thread-safe mkdir -p
configure:2165: result: /usr/bin/mkdir -p
configure:2172: checking for gawk
configure:2202: result: no
configure:2172: checking for mawk
configure:2188: found /usr/bin/mawk
configure:2199: result: mawk
configure:2210: checking whether make sets $(MAKE)
configure:2232: result: yes
configure:2261: checking whether make supports nested variables
configure:2278: result: yes
configure:2460: checking for pkg-config
configure:2478: found /usr/bin/pkg-config
configure:2490: result: /usr/bin/pkg-config
configure:2515: checking pkg-config is at least version 0.9.0
configure:2518: result: yes
configure:2595: checking for gfortran
configure:2611: found /usr/bin/gfortran
configure:2622: result: gfortran
configure:2648: checking for Fortran compiler version
configure:2657: gfortran --version >&5
GNU Fortran (Ubuntu 9.3.0-17ubuntu1~20.04) 9.3.0
Copyright (C) 2019 Free Software Foundation, Inc.
This is free software; see the source for copying conditions.  There is NO
warranty; not even for MERCHANTABILITY or FITNESS FOR A PARTICULAR PURPOSE.

configure:2668: $? = 0
configure:2657: gfortran -v >&5
Using built-in specs.
COLLECT_GCC=gfortran
COLLECT_LTO_WRAPPER=/usr/lib/gcc/x86_64-linux-gnu/9/lto-wrapper
OFFLOAD_TARGET_NAMES=nvptx-none:hsa
OFFLOAD_TARGET_DEFAULT=1
Target: x86_64-linux-gnu
Configured with: ../src/configure -v --with-pkgversion='Ubuntu 9.3.0-17ubuntu1~20.04' --with-bugurl=file:///usr/share/doc/gcc-9/README.Bugs --enable-languages=c,ada,c++,go,brig,d,fortran,objc,obj-c++,gm2 --prefix=/usr --with-gcc-major-version-only --program-suffix=-9 --program-prefix=x86_64-linux-gnu- --enable-shared --enable-linker-build-id --libexecdir=/usr/lib --without-included-gettext --enable-threads=posix --libdir=/usr/lib --enable-nls --enable-clocale=gnu --enable-libstdcxx-debug --enable-libstdcxx-time=yes --with-default-libstdcxx-abi=new --enable-gnu-unique-object --disable-vtable-verify --enable-plugin --enable-default-pie --with-system-zlib --with-target-system-zlib=auto --enable-objc-gc=auto --enable-multiarch --disable-werror --with-arch-32=i686 --with-abi=m64 --with-multilib-list=m32,m64,mx32 --enable-multilib --with-tune=generic --enable-offload-targets=nvptx-none=/build/gcc-9-HskZEa/gcc-9-9.3.0/debian/tmp-nvptx/usr,hsa --without-cuda-driver --enable-checking=release --build=x86_64-linux-gnu --host=x86_64-linux-gnu --target=x86_64-linux-gnu
Thread model: posix
gcc version 9.3.0 (Ubuntu 9.3.0-17ubuntu1~20.04) 
configure:2668: $? = 0
configure:2657: gfortran -V >&5
gfortran: error: unrecognized command line option '-V'
gfortran: fatal error: no input files
compilation terminated.
configure:2668: $? = 1
configure:2657: gfortran -qversion >&5
gfortran: error: unrecognized command line option '-qversion'; did you mean '--version'?
gfortran: fatal error: no input files
compilation terminated.
configure:2668: $? = 1
configure:2683: checking whether the Fortran compiler works
configure:2705: gfortran    conftest.f  >&5
configure:2709: $? = 0
configure:2757: result: yes
configure:2760: checking for Fortran compiler default output file name
configure:2762: result: a.out
configure:2768: checking for suffix of executables
configure:2775: gfortran -o conftest    conftest.f  >&5
configure:2779: $? = 0
configure:2801: result: 
configure:2817: checking whether we are cross compiling
configure:2825: gfortran -o conftest    conftest.f  >&5
configure:2829: $? = 0
configure:2836: ./conftest
configure:2840: $? = 0
configure:2828: result: no
configure:2833: checking for suffix of object files
configure:2849: gfortran -c   conftest.f >&5
configure:2853: $? = 0
configure:2874: result: o
configure:2882: checking whether we are using the GNU Fortran compiler
configure:2895: gfortran -c   conftest.F >&5
configure:2895: $? = 0
configure:2904: result: yes
configure:2910: checking whether gfortran accepts -g
configure:2921: gfortran -c -g  conftest.f >&5
configure:2921: $? = 0
configure:2929: result: yes
configure:3009: checking for ranlib
configure:3025: found /usr/bin/ranlib
configure:3036: result: ranlib
configure:3202: checking that generated files are newer than configure
configure:3208: result: done
configure:3223: creating ./config.status

## ---------------------- ##
## Running config.status. ##
## ---------------------- ##

This file was extended by datetime-fortran config.status 1.7.1, which was
generated by GNU Autoconf 2.69.  Invocation command line was

  CONFIG_FILES    = 
  CONFIG_HEADERS  = 
  CONFIG_LINKS    = 
  CONFIG_COMMANDS = 
  $ ./config.status 

on saverio-VirtualBox

config.status:755: creating Makefile
config.status:755: creating src/Makefile
config.status:755: creating tests/Makefile
config.status:755: creating datetime-fortran.pc

## ---------------- ##
## Cache variables. ##
## ---------------- ##

ac_cv_env_FCFLAGS_set=
ac_cv_env_FCFLAGS_value=
ac_cv_env_FC_set=
ac_cv_env_FC_value=
ac_cv_env_LDFLAGS_set=
ac_cv_env_LDFLAGS_value=
ac_cv_env_LIBS_set=
ac_cv_env_LIBS_value=
ac_cv_env_PKG_CONFIG_LIBDIR_set=
ac_cv_env_PKG_CONFIG_LIBDIR_value=
ac_cv_env_PKG_CONFIG_PATH_set=
ac_cv_env_PKG_CONFIG_PATH_value=
ac_cv_env_PKG_CONFIG_set=
ac_cv_env_PKG_CONFIG_value=
ac_cv_env_build_alias_set=
ac_cv_env_build_alias_value=
ac_cv_env_host_alias_set=
ac_cv_env_host_alias_value=
ac_cv_env_target_alias_set=
ac_cv_env_target_alias_value=
ac_cv_fc_compiler_gnu=yes
ac_cv_objext=o
ac_cv_path_ac_pt_PKG_CONFIG=/usr/bin/pkg-config
ac_cv_path_install='/usr/bin/install -c'
ac_cv_path_mkdir=/usr/bin/mkdir
ac_cv_prog_AWK=mawk
ac_cv_prog_ac_ct_FC=gfortran
ac_cv_prog_ac_ct_RANLIB=ranlib
ac_cv_prog_fc_g=yes
ac_cv_prog_make_make_set=yes
am_cv_make_support_nested_variables=yes

## ----------------- ##
## Output variables. ##
## ----------------- ##

ACLOCAL='${SHELL} /home/saverio/Scrivania/Python_projects/Binance_API_request/Utils/Fortran_core/datetime-fortran/missing aclocal-1.16'
AMTAR='$${TAR-tar}'
AM_BACKSLASH='\'
AM_DEFAULT_V='$(AM_DEFAULT_VERBOSITY)'
AM_DEFAULT_VERBOSITY='1'
AM_V='$(V)'
AUTOCONF='${SHELL} /home/saverio/Scrivania/Python_projects/Binance_API_request/Utils/Fortran_core/datetime-fortran/missing autoconf'
AUTOHEADER='${SHELL} /home/saverio/Scrivania/Python_projects/Binance_API_request/Utils/Fortran_core/datetime-fortran/missing autoheader'
AUTOMAKE='${SHELL} /home/saverio/Scrivania/Python_projects/Binance_API_request/Utils/Fortran_core/datetime-fortran/missing automake-1.16'
AWK='mawk'
CYGPATH_W='echo'
DEFS='-DPACKAGE_NAME=\"datetime-fortran\" -DPACKAGE_TARNAME=\"datetime-fortran\" -DPACKAGE_VERSION=\"1.7.1\" -DPACKAGE_STRING=\"datetime-fortran\ 1.7.1\" -DPACKAGE_BUGREPORT=\"\" -DPACKAGE_URL=\"\" -DPACKAGE=\"datetime-fortran\" -DVERSION=\"1.7.1\"'
ECHO_C=''
ECHO_N='-n'
ECHO_T=''
EXEEXT=''
FC='gfortran'
FCFLAGS='-Wall'
INSTALL_DATA='${INSTALL} -m 644'
INSTALL_PROGRAM='${INSTALL}'
INSTALL_SCRIPT='${INSTALL}'
INSTALL_STRIP_PROGRAM='$(install_sh) -c -s'
LDFLAGS=''
LIBOBJS=''
LIBS=''
LTLIBOBJS=''
MAKEINFO='${SHELL} /home/saverio/Scrivania/Python_projects/Binance_API_request/Utils/Fortran_core/datetime-fortran/missing makeinfo'
MKDIR_P='/usr/bin/mkdir -p'
OBJEXT='o'
PACKAGE='datetime-fortran'
PACKAGE_BUGREPORT=''
PACKAGE_NAME='datetime-fortran'
PACKAGE_STRING='datetime-fortran 1.7.1'
PACKAGE_TARNAME='datetime-fortran'
PACKAGE_URL=''
PACKAGE_VERSION='1.7.1'
PATH_SEPARATOR=':'
PKG_CONFIG='/usr/bin/pkg-config'
PKG_CONFIG_LIBDIR=''
PKG_CONFIG_PATH=''
RANLIB='ranlib'
SET_MAKE=''
SHELL='/bin/bash'
STRIP=''
VERSION='1.7.1'
ac_ct_FC='gfortran'
am__EXEEXT_FALSE=''
am__EXEEXT_TRUE='#'
am__isrc=''
am__leading_dot='.'
am__tar='$${TAR-tar} chof - "$$tardir"'
am__untar='$${TAR-tar} xf -'
bindir='${exec_prefix}/bin'
build_alias=''
datadir='${datarootdir}'
datarootdir='${prefix}/share'
docdir='${datarootdir}/doc/${PACKAGE_TARNAME}'
dvidir='${docdir}'
exec_prefix='${prefix}'
host_alias=''
htmldir='${docdir}'
includedir='${prefix}/include'
infodir='${datarootdir}/info'
install_sh='${SHELL} /home/saverio/Scrivania/Python_projects/Binance_API_request/Utils/Fortran_core/datetime-fortran/install-sh'
libdir='${exec_prefix}/lib'
libexecdir='${exec_prefix}/libexec'
localedir='${datarootdir}/locale'
localstatedir='${prefix}/var'
mandir='${datarootdir}/man'
mkdir_p='$(MKDIR_P)'
oldincludedir='/usr/include'
pdfdir='${docdir}'
pkgconfigdir='${libdir}/pkgconfig'
prefix='/usr/local'
program_transform_name='s,x,x,'
psdir='${docdir}'
runstatedir='${localstatedir}/run'
sbindir='${exec_prefix}/sbin'
sharedstatedir='${prefix}/com'
sysconfdir='${prefix}/etc'
target_alias=''

## ----------- ##
## confdefs.h. ##
## ----------- ##

/* confdefs.h */
#define PACKAGE_NAME "datetime-fortran"
#define PACKAGE_TARNAME "datetime-fortran"
#define PACKAGE_VERSION "1.7.1"
#define PACKAGE_STRING "datetime-fortran 1.7.1"
#define PACKAGE_BUGREPORT ""
#define PACKAGE_URL ""
#define PACKAGE "datetime-fortran"
#define VERSION "1.7.1"

configure: exit 0
